[LOG] TRACE-com.gs.log.Log4jTest-main-0-com.gs.log.Log4jTest.test(Log4jTest.java:29)-looger trace 2017/02/17 10:59:05:569
[LOG] DEBUG-com.gs.log.Log4jTest-main-8-com.gs.log.Log4jTest.test(Log4jTest.java:30)-logger debug 2017/02/17 10:59:05:577
[LOG] INFO-com.gs.log.Log4jTest-main-8-com.gs.log.Log4jTest.test(Log4jTest.java:31)-logger info 2017/02/17 10:59:05:577
[LOG] ERROR-com.gs.log.Log4jTest-main-9-com.gs.log.Log4jTest.test(Log4jTest.java:32)-logger error 2017/02/17 10:59:05:578
[LOG] FATAL-com.gs.log.Log4jTest-main-9-com.gs.log.Log4jTest.test(Log4jTest.java:33)-logger fatal 2017/02/17 10:59:05:578
[LOG] TRACE-com.gs.log.Log4jTest-main-0-com.gs.log.Log4jTest.test(Log4jTest.java:30)-looger trace 2017/02/17 11:21:34:580
[LOG] DEBUG-com.gs.log.Log4jTest-main-8-com.gs.log.Log4jTest.test(Log4jTest.java:31)-logger debug 2017/02/17 11:21:34:588
[LOG] INFO-com.gs.log.Log4jTest-main-11-com.gs.log.Log4jTest.test(Log4jTest.java:32)-logger info 2017/02/17 11:21:34:591
[LOG] ERROR-com.gs.log.Log4jTest-main-12-com.gs.log.Log4jTest.test(Log4jTest.java:33)-logger error 2017/02/17 11:21:34:592
[LOG] FATAL-com.gs.log.Log4jTest-main-13-com.gs.log.Log4jTest.test(Log4jTest.java:34)-logger fatal 2017/02/17 11:21:34:593
[LOG] TRACE-com.gs.log.Log4jTest-main-19-com.gs.log.Log4jTest.test1(Log4jTest.java:40)-looger trace 2017/02/17 11:21:34:599
[LOG] DEBUG-com.gs.log.Log4jTest-main-24-com.gs.log.Log4jTest.test1(Log4jTest.java:41)-logger debug 2017/02/17 11:21:34:604
[LOG] INFO-com.gs.log.Log4jTest-main-25-com.gs.log.Log4jTest.test1(Log4jTest.java:42)-logger info 2017/02/17 11:21:34:605
[LOG] ERROR-com.gs.log.Log4jTest-main-26-com.gs.log.Log4jTest.test1(Log4jTest.java:43)-logger error 2017/02/17 11:21:34:606
[LOG] FATAL-com.gs.log.Log4jTest-main-27-com.gs.log.Log4jTest.test1(Log4jTest.java:44)-logger fatal 2017/02/17 11:21:34:607
[LOG] TRACE-com.gs.log.Log4jTest-main-0-com.gs.log.Log4jTest.test(Log4jTest.java:30)-looger trace 2017/02/17 11:21:59:867
[LOG] DEBUG-com.gs.log.Log4jTest-main-20-com.gs.log.Log4jTest.test(Log4jTest.java:31)-logger debug 2017/02/17 11:21:59:887
[LOG] INFO-com.gs.log.Log4jTest-main-21-com.gs.log.Log4jTest.test(Log4jTest.java:32)-logger info 2017/02/17 11:21:59:888
[LOG] ERROR-com.gs.log.Log4jTest-main-21-com.gs.log.Log4jTest.test(Log4jTest.java:33)-logger error 2017/02/17 11:21:59:888
[LOG] FATAL-com.gs.log.Log4jTest-main-22-com.gs.log.Log4jTest.test(Log4jTest.java:34)-logger fatal 2017/02/17 11:21:59:889
[LOG] TRACE-com.gs.log.Log4jTest-main-26-com.gs.log.Log4jTest.test1(Log4jTest.java:40)-looger trace 2017/02/17 11:21:59:893
[LOG] DEBUG-com.gs.log.Log4jTest-main-30-com.gs.log.Log4jTest.test1(Log4jTest.java:41)-logger debug 2017/02/17 11:21:59:897
[LOG] INFO-com.gs.log.Log4jTest-main-31-com.gs.log.Log4jTest.test1(Log4jTest.java:42)-logger info 2017/02/17 11:21:59:898
[LOG] ERROR-com.gs.log.Log4jTest-main-31-com.gs.log.Log4jTest.test1(Log4jTest.java:43)-logger error 2017/02/17 11:21:59:898
[LOG] FATAL-com.gs.log.Log4jTest-main-32-com.gs.log.Log4jTest.test1(Log4jTest.java:44)-logger fatal 2017/02/17 11:21:59:899
[LOG] TRACE-com.gs.log.Log4jTest-main-0-com.gs.log.Log4jTest.test(Log4jTest.java:30)-looger trace 2017/02/17 11:22:27:896
[LOG] DEBUG-com.gs.log.Log4jTest-main-3-com.gs.log.Log4jTest.test(Log4jTest.java:31)-logger debug 2017/02/17 11:22:27:899
[LOG] INFO-com.gs.log.Log4jTest-main-4-com.gs.log.Log4jTest.test(Log4jTest.java:32)-logger info 2017/02/17 11:22:27:900
[LOG] ERROR-com.gs.log.Log4jTest-main-6-com.gs.log.Log4jTest.test(Log4jTest.java:33)-logger error 2017/02/17 11:22:27:902
[LOG] FATAL-com.gs.log.Log4jTest-main-6-com.gs.log.Log4jTest.test(Log4jTest.java:34)-logger fatal 2017/02/17 11:22:27:902
[LOG] TRACE-com.gs.log.Log4jTest-main-8-com.gs.log.Log4jTest.test1(Log4jTest.java:40)-looger trace 2017/02/17 11:22:27:904
[LOG] DEBUG-com.gs.log.Log4jTest-main-11-com.gs.log.Log4jTest.test1(Log4jTest.java:41)-logger debug 2017/02/17 11:22:27:907
[LOG] INFO-com.gs.log.Log4jTest-main-12-com.gs.log.Log4jTest.test1(Log4jTest.java:42)-logger info 2017/02/17 11:22:27:908
[LOG] ERROR-com.gs.log.Log4jTest-main-12-com.gs.log.Log4jTest.test1(Log4jTest.java:43)-logger error 2017/02/17 11:22:27:908
[LOG] FATAL-com.gs.log.Log4jTest-main-13-com.gs.log.Log4jTest.test1(Log4jTest.java:44)-logger fatal 2017/02/17 11:22:27:909
[LOG] TRACE-com.gs.log.Log4jTest-main-0-com.gs.log.Log4jTest.test(Log4jTest.java:30)-looger trace 2017/02/17 11:23:09:795
[LOG] DEBUG-com.gs.log.Log4jTest-main-8-com.gs.log.Log4jTest.test(Log4jTest.java:31)-logger debug 2017/02/17 11:23:09:803
[LOG] INFO-com.gs.log.Log4jTest-main-9-com.gs.log.Log4jTest.test(Log4jTest.java:32)-logger info 2017/02/17 11:23:09:804
[LOG] ERROR-com.gs.log.Log4jTest-main-9-com.gs.log.Log4jTest.test(Log4jTest.java:33)-logger error 2017/02/17 11:23:09:804
[LOG] FATAL-com.gs.log.Log4jTest-main-10-com.gs.log.Log4jTest.test(Log4jTest.java:34)-logger fatal 2017/02/17 11:23:09:805
[LOG] TRACE-com.gs.log.Log4jTest-main-24-com.gs.log.Log4jTest.test1(Log4jTest.java:40)-looger trace 2017/02/17 11:23:09:819
[LOG] DEBUG-com.gs.log.Log4jTest-main-29-com.gs.log.Log4jTest.test1(Log4jTest.java:41)-logger debug 2017/02/17 11:23:09:824
[LOG] INFO-com.gs.log.Log4jTest-main-30-com.gs.log.Log4jTest.test1(Log4jTest.java:42)-logger info 2017/02/17 11:23:09:825
[LOG] ERROR-com.gs.log.Log4jTest-main-30-com.gs.log.Log4jTest.test1(Log4jTest.java:43)-logger error 2017/02/17 11:23:09:825
[LOG] FATAL-com.gs.log.Log4jTest-main-31-com.gs.log.Log4jTest.test1(Log4jTest.java:44)-logger fatal 2017/02/17 11:23:09:826
[LOG] TRACE-com.gs.log.Log4jTest-main-0-com.gs.log.Log4jTest.test(Log4jTest.java:30)-looger trace 2017/02/17 11:25:43:245
[LOG] DEBUG-com.gs.log.Log4jTest-main-3-com.gs.log.Log4jTest.test(Log4jTest.java:31)-logger debug 2017/02/17 11:25:43:248
[LOG] INFO-com.gs.log.Log4jTest-main-3-com.gs.log.Log4jTest.test(Log4jTest.java:32)-logger info 2017/02/17 11:25:43:248
[LOG] ERROR-com.gs.log.Log4jTest-main-4-com.gs.log.Log4jTest.test(Log4jTest.java:33)-logger error 2017/02/17 11:25:43:249
[LOG] FATAL-com.gs.log.Log4jTest-main-4-com.gs.log.Log4jTest.test(Log4jTest.java:34)-logger fatal 2017/02/17 11:25:43:249
[LOG] TRACE-com.gs.log.Log4jTest-main-10-com.gs.log.Log4jTest.test1(Log4jTest.java:40)-looger trace 2017/02/17 11:25:43:255
[LOG] DEBUG-com.gs.log.Log4jTest-main-12-com.gs.log.Log4jTest.test1(Log4jTest.java:41)-logger debug 2017/02/17 11:25:43:257
[LOG] INFO-com.gs.log.Log4jTest-main-12-com.gs.log.Log4jTest.test1(Log4jTest.java:42)-logger info 2017/02/17 11:25:43:257
[LOG] ERROR-com.gs.log.Log4jTest-main-13-com.gs.log.Log4jTest.test1(Log4jTest.java:43)-logger error 2017/02/17 11:25:43:258
[LOG] FATAL-com.gs.log.Log4jTest-main-13-com.gs.log.Log4jTest.test1(Log4jTest.java:44)-logger fatal 2017/02/17 11:25:43:258
[LOG] TRACE-com.gs.log.Log4jTest-main-0-com.gs.log.Log4jTest.test(Log4jTest.java:30)-looger trace 2017/02/17 11:27:14:536
[LOG] DEBUG-com.gs.log.Log4jTest-main-5-com.gs.log.Log4jTest.test(Log4jTest.java:31)-logger debug 2017/02/17 11:27:14:541
[LOG] INFO-com.gs.log.Log4jTest-main-5-com.gs.log.Log4jTest.test(Log4jTest.java:32)-logger info 2017/02/17 11:27:14:541
[LOG] ERROR-com.gs.log.Log4jTest-main-6-com.gs.log.Log4jTest.test(Log4jTest.java:33)-logger error 2017/02/17 11:27:14:542
[LOG] FATAL-com.gs.log.Log4jTest-main-6-com.gs.log.Log4jTest.test(Log4jTest.java:34)-logger fatal 2017/02/17 11:27:14:542
[LOG] TRACE-com.gs.log.Log4jTest-main-17-com.gs.log.Log4jTest.test1(Log4jTest.java:40)-looger trace 2017/02/17 11:27:14:553
[LOG] DEBUG-com.gs.log.Log4jTest-main-21-com.gs.log.Log4jTest.test1(Log4jTest.java:41)-logger debug 2017/02/17 11:27:14:557
[LOG] INFO-com.gs.log.Log4jTest-main-21-com.gs.log.Log4jTest.test1(Log4jTest.java:42)-logger info 2017/02/17 11:27:14:557
[LOG] ERROR-com.gs.log.Log4jTest-main-27-com.gs.log.Log4jTest.test1(Log4jTest.java:43)-logger error 2017/02/17 11:27:14:563
[LOG] FATAL-com.gs.log.Log4jTest-main-27-com.gs.log.Log4jTest.test1(Log4jTest.java:44)-logger fatal 2017/02/17 11:27:14:563
[LOG] TRACE-com.gs.log.Log4jTest-main-0-com.gs.log.Log4jTest.test(Log4jTest.java:30)-looger trace 2017/02/17 11:31:36:312
[LOG] DEBUG-com.gs.log.Log4jTest-main-3-com.gs.log.Log4jTest.test(Log4jTest.java:31)-logger debug 2017/02/17 11:31:36:315
[LOG] INFO-com.gs.log.Log4jTest-main-4-com.gs.log.Log4jTest.test(Log4jTest.java:32)-logger info 2017/02/17 11:31:36:316
[LOG] ERROR-com.gs.log.Log4jTest-main-4-com.gs.log.Log4jTest.test(Log4jTest.java:33)-logger error 2017/02/17 11:31:36:316
[LOG] FATAL-com.gs.log.Log4jTest-main-4-com.gs.log.Log4jTest.test(Log4jTest.java:34)-logger fatal 2017/02/17 11:31:36:316
[LOG] TRACE-com.gs.log.Log4jTest-main-18-com.gs.log.Log4jTest.test1(Log4jTest.java:40)-looger trace 2017/02/17 11:31:36:330
[LOG] DEBUG-com.gs.log.Log4jTest-main-20-com.gs.log.Log4jTest.test1(Log4jTest.java:41)-logger debug 2017/02/17 11:31:36:332
[LOG] INFO-com.gs.log.Log4jTest-main-21-com.gs.log.Log4jTest.test1(Log4jTest.java:42)-logger info 2017/02/17 11:31:36:333
[LOG] ERROR-com.gs.log.Log4jTest-main-21-com.gs.log.Log4jTest.test1(Log4jTest.java:43)-logger error 2017/02/17 11:31:36:333
[LOG] FATAL-com.gs.log.Log4jTest-main-22-com.gs.log.Log4jTest.test1(Log4jTest.java:44)-logger fatal 2017/02/17 11:31:36:334
[LOG] TRACE-com.gs.log.Log4jTest-main-22-com.gs.log.Log4jTest.test2(Log4jTest.java:49)-looger trace 2017/02/17 11:31:36:334
[LOG] DEBUG-com.gs.log.Log4jTest-main-22-com.gs.log.Log4jTest.test2(Log4jTest.java:50)-logger debug 2017/02/17 11:31:36:334
[LOG] INFO-com.gs.log.Log4jTest-main-23-com.gs.log.Log4jTest.test2(Log4jTest.java:51)-logger info 2017/02/17 11:31:36:335
[LOG] ERROR-com.gs.log.Log4jTest-main-23-com.gs.log.Log4jTest.test2(Log4jTest.java:52)-logger error 2017/02/17 11:31:36:335
[LOG] FATAL-com.gs.log.Log4jTest-main-23-com.gs.log.Log4jTest.test2(Log4jTest.java:53)-logger fatal 2017/02/17 11:31:36:335
[LOG] TRACE-com.gs.log.Log4jTest-main-0-com.gs.log.Log4jTest.test(Log4jTest.java:30)-looger trace 2017/02/17 11:32:09:370
[LOG] DEBUG-com.gs.log.Log4jTest-main-19-com.gs.log.Log4jTest.test(Log4jTest.java:31)-logger debug 2017/02/17 11:32:09:389
[LOG] INFO-com.gs.log.Log4jTest-main-21-com.gs.log.Log4jTest.test(Log4jTest.java:32)-logger info 2017/02/17 11:32:09:391
[LOG] ERROR-com.gs.log.Log4jTest-main-21-com.gs.log.Log4jTest.test(Log4jTest.java:33)-logger error 2017/02/17 11:32:09:391
[LOG] FATAL-com.gs.log.Log4jTest-main-22-com.gs.log.Log4jTest.test(Log4jTest.java:34)-logger fatal 2017/02/17 11:32:09:392
[LOG] TRACE-com.gs.log.Log4jTest-main-23-com.gs.log.Log4jTest.test1(Log4jTest.java:40)-looger trace 2017/02/17 11:32:09:393
[LOG] DEBUG-com.gs.log.Log4jTest-main-31-com.gs.log.Log4jTest.test1(Log4jTest.java:41)-logger debug 2017/02/17 11:32:09:401
[LOG] INFO-com.gs.log.Log4jTest-main-32-com.gs.log.Log4jTest.test1(Log4jTest.java:42)-logger info 2017/02/17 11:32:09:402
[LOG] ERROR-com.gs.log.Log4jTest-main-33-com.gs.log.Log4jTest.test1(Log4jTest.java:43)-logger error 2017/02/17 11:32:09:403
[LOG] FATAL-com.gs.log.Log4jTest-main-34-com.gs.log.Log4jTest.test1(Log4jTest.java:44)-logger fatal 2017/02/17 11:32:09:404
[LOG] TRACE-com.gs.log.Log4jTest-main-35-com.gs.log.Log4jTest.test2(Log4jTest.java:49)-looger trace 2017/02/17 11:32:09:405
[LOG] DEBUG-com.gs.log.Log4jTest-main-35-com.gs.log.Log4jTest.test2(Log4jTest.java:50)-logger debug 2017/02/17 11:32:09:405
[LOG] INFO-com.gs.log.Log4jTest-main-36-com.gs.log.Log4jTest.test2(Log4jTest.java:51)-logger info 2017/02/17 11:32:09:406
[LOG] ERROR-com.gs.log.Log4jTest-main-36-com.gs.log.Log4jTest.test2(Log4jTest.java:52)-logger error 2017/02/17 11:32:09:406
[LOG] FATAL-com.gs.log.Log4jTest-main-37-com.gs.log.Log4jTest.test2(Log4jTest.java:53)-logger fatal 2017/02/17 11:32:09:407
