2017-02-17 14:12:28.566 [main] TRACE com.gs.log.LogbackTest - logger trace1
2017-02-17 14:12:28.566 [main] DEBUG com.gs.log.LogbackTest - logger debug1
2017-02-17 14:12:28.566 [main] INFO  com.gs.log.LogbackTest - logger info1
2017-02-17 14:12:28.568 [main] WARN  com.gs.log.LogbackTest - logger warn1
2017-02-17 14:12:28.568 [main] ERROR com.gs.log.LogbackTest - logger error1
2017-02-17 14:18:04.463 [main] TRACE com.gs.log.LogbackTest - logger trace1
2017-02-17 14:18:04.463 [main] DEBUG com.gs.log.LogbackTest - logger debug1
2017-02-17 14:18:04.463 [main] INFO  com.gs.log.LogbackTest - logger info1
2017-02-17 14:18:04.463 [main] WARN  com.gs.log.LogbackTest - logger warn1
2017-02-17 14:18:04.463 [main] ERROR com.gs.log.LogbackTest - logger error1
2017-02-17 14:20:47.790 [main] TRACE com.gs.log.LogbackTest - logger trace1
2017-02-17 14:20:47.790 [main] DEBUG com.gs.log.LogbackTest - logger debug1
2017-02-17 14:20:47.790 [main] INFO  com.gs.log.LogbackTest - logger info1
2017-02-17 14:20:47.791 [main] WARN  com.gs.log.LogbackTest - logger warn1
2017-02-17 14:20:47.791 [main] ERROR com.gs.log.LogbackTest - logger error1
2017-02-17 14:23:10.109 [main] TRACE com.gs.log.LogbackTest - logger trace1
2017-02-17 14:23:10.109 [main] DEBUG com.gs.log.LogbackTest - logger debug1
2017-02-17 14:23:10.110 [main] INFO  com.gs.log.LogbackTest - logger info1
2017-02-17 14:23:10.110 [main] WARN  com.gs.log.LogbackTest - logger warn1
2017-02-17 14:23:10.110 [main] ERROR com.gs.log.LogbackTest - logger error1
2017-02-17 14:24:01.123 [main] TRACE com.gs.log.LogbackTest - logger trace1
2017-02-17 14:24:01.124 [main] DEBUG com.gs.log.LogbackTest - logger debug1
2017-02-17 14:24:01.125 [main] INFO  com.gs.log.LogbackTest - logger info1
2017-02-17 14:24:01.125 [main] WARN  com.gs.log.LogbackTest - logger warn1
2017-02-17 14:24:01.125 [main] ERROR com.gs.log.LogbackTest - logger error1
